<?xml version="1.0" encoding="UTF-8"?>
<!-- Generated by org.testng.reporters.JUnitXMLReporter -->
<testsuite ignored="0" hostname="DESKTOP-K66FFMU" failures="0" tests="9" name="edgeTest" time="0.059" errors="0" timestamp="2024-12-09T11:10:50 IST">
  <testcase classname="com.demowebshopproject.tests.LoginTest" name="login" time="0.001">
    <skipped/>
  </testcase> <!-- login -->
  <testcase classname="com.demowebshopproject.tests.LoginTest" name="readAndDisplayMenuItems" time="0.0">
    <skipped/>
  </testcase> <!-- readAndDisplayMenuItems -->
  <testcase classname="com.demowebshopproject.tests.LoginTest" name="compareScreenshots" time="0.0">
    <skipped/>
  </testcase> <!-- compareScreenshots -->
  <testcase classname="com.demowebshopproject.tests.LoginTest" name="selectProductAndConfiguration" time="0.0">
    <skipped/>
  </testcase> <!-- selectProductAndConfiguration -->
  <testcase classname="com.demowebshopproject.tests.LoginTest" name="addProductToCart" time="0.0">
    <skipped/>
  </testcase> <!-- addProductToCart -->
  <testcase classname="com.demowebshopproject.tests.LoginTest" name="navigateToCartAndCheckout" time="0.0">
    <skipped/>
  </testcase> <!-- navigateToCartAndCheckout -->
  <testcase classname="com.demowebshopproject.tests.LoginTest" name="provideShippingAddressAndMethod" time="0.0">
    <skipped/>
  </testcase> <!-- provideShippingAddressAndMethod -->
  <testcase classname="com.demowebshopproject.tests.LoginTest" name="providePaymentMethodAndInfo" time="0.0">
    <skipped/>
  </testcase> <!-- providePaymentMethodAndInfo -->
  <testcase classname="com.demowebshopproject.tests.LoginTest" name="confirmOrderAndVeirfyOrderDetails" time="0.0">
    <skipped/>
  </testcase> <!-- confirmOrderAndVeirfyOrderDetails -->
</testsuite> <!-- edgeTest -->
