<?xml version="1.0" encoding="UTF-8"?>
<!-- Generated by org.testng.reporters.JUnitXMLReporter -->
<testsuite ignored="0" hostname="DESKTOP-K66FFMU" failures="1" tests="12" name="edgeTest" time="38.542" errors="0" timestamp="2024-12-16T15:35:20 IST">
  <testcase classname="com.demowebshopproject.tests.LoginTest" name="login" time="3.38"/>
  <testcase classname="com.demowebshopproject.tests.LoginTest" name="readAndDisplayMenuItems" time="0.43"/>
  <testcase classname="com.demowebshopproject.tests.LoginTest" name="compareScreenshots" time="2.452"/>
  <testcase classname="com.demowebshopproject.tests.LoginTest" name="selectProductAndConfiguration" time="4.498"/>
  <testcase classname="com.demowebshopproject.tests.LoginTest" name="addProductToCart" time="1.068"/>
  <testcase classname="com.demowebshopproject.tests.LoginTest" name="navigateToCartAndCheckout" time="3.521"/>
  <testcase classname="com.demowebshopproject.tests.LoginTest" name="provideShippingAddressAndMethod" time="1.637"/>
  <testcase classname="com.demowebshopproject.tests.LoginTest" name="providePaymentMethodAndInfo" time="1.08"/>
  <testcase classname="com.demowebshopproject.tests.LoginTest" name="confirmOrderAndVeirfyOrderDetails" time="3.363"/>
  <testcase classname="com.demowebshopproject.tests.LoginTest" name="verifyTestFailure" time="0.0">
    <skipped/>
  </testcase> <!-- verifyTestFailure -->
  <testcase classname="com.demowebshopproject.tests.LoginTest" name="verifyTestFailure" time="0.0">
    <skipped/>
  </testcase> <!-- verifyTestFailure -->
  <testcase classname="com.demowebshopproject.tests.LoginTest" name="verifyTestFailure" time="0.001">
    <failure type="java.lang.AssertionError" message="expected [true] but found [false]">
      <![CDATA[java.lang.AssertionError: expected [true] but found [false]
at com.demowebshopproject.tests.LoginTest.verifyTestFailure(LoginTest.java:232)
at java.base/java.util.ArrayList.forEach(ArrayList.java:1511)
at java.base/java.util.concurrent.FutureTask.run(FutureTask.java:264)
at java.base/java.util.concurrent.ThreadPoolExecutor.runWorker(ThreadPoolExecutor.java:1130)
at java.base/java.util.concurrent.ThreadPoolExecutor$Worker.run(ThreadPoolExecutor.java:630)
at java.base/java.lang.Thread.run(Thread.java:832)
... Removed 24 stack frames]]>
    </failure>
  </testcase> <!-- verifyTestFailure -->
</testsuite> <!-- edgeTest -->
