<?xml version="1.0" encoding="UTF-8"?>
<!-- Generated by org.testng.reporters.JUnitXMLReporter -->
<testsuite ignored="2" hostname="DESKTOP-K66FFMU" failures="0" tests="8" name="Test" time="27.139" errors="0" timestamp="2024-11-29T23:35:13 IST">
  <testcase classname="com.demowebshopproject.tests.LoginTest" name="login" time="1.79"/>
  <testcase classname="com.demowebshopproject.tests.LoginTest" name="readAndDisplayMenuItems" time="0.513"/>
  <testcase classname="com.demowebshopproject.tests.LoginTest" name="selectProductAndConfiguration" time="2.153"/>
  <testcase classname="com.demowebshopproject.tests.LoginTest" name="addProductToCart" time="1.004"/>
  <testcase classname="com.demowebshopproject.tests.LoginTest" name="navigateToCartAndCheckout" time="4.062"/>
  <testcase classname="com.demowebshopproject.tests.LoginTest" name="provideShippingAddressAndMethod" time="1.598"/>
  <testcase classname="com.demowebshopproject.tests.LoginTest" name="providePaymentMethodAndInfo" time="1.838"/>
  <testcase classname="com.demowebshopproject.tests.LoginTest" name="confirmOrderAndVeirfyOrderDetails" time="2.649"/>
  <testcase classname="com.demowebshopproject.tests.LoginTest" name="compareScreenshots" time="0.0">
    <ignored/>
  </testcase> <!-- compareScreenshots -->
  <testcase classname="com.demowebshopproject.tests.LoginTest" name="loginAndCheckoutProduct" time="0.0">
    <ignored/>
  </testcase> <!-- loginAndCheckoutProduct -->
</testsuite> <!-- Test -->
